#
# There is insufficient memory for the Java Runtime Environment to continue.
# Native memory allocation (malloc) failed to allocate 1048576 bytes for AllocateHeap
# Possible reasons:
#   The system is out of physical RAM or swap space
#   The process is running with CompressedOops enabled, and the Java Heap may be blocking the growth of the native heap
# Possible solutions:
#   Reduce memory load on the system
#   Increase physical memory or swap space
#   Check if swap backing store is full
#   Decrease Java heap size (-Xmx/-Xms)
#   Decrease number of Java threads
#   Decrease Java thread stack sizes (-Xss)
#   Set larger code cache with -XX:ReservedCodeCacheSize=
#   JVM is running with Zero Based Compressed Oops mode in which the Java heap is
#     placed in the first 32GB address space. The Java Heap base address is the
#     maximum limit for the native heap growth. Please use -XX:HeapBaseMinAddress
#     to set the Java Heap base and to place the Java Heap above 32GB virtual address.
# This output file may be truncated or incomplete.
#
#  Out of Memory Error (memory/allocation.inline.hpp:61), pid=26936, tid=0x000000000000593c
#
# JRE version:  (8.0_301-b09) (build )
# Java VM: Java HotSpot(TM) 64-Bit Server VM (25.301-b09 mixed mode windows-amd64 compressed oops)
# Failed to write core dump. Minidumps are not enabled by default on client versions of Windows
#

---------------  T H R E A D  ---------------

Current thread (0x0000020368e92000):  JavaThread "Unknown thread" [_thread_in_vm, id=22844, stack(0x000000e99bd00000,0x000000e99be00000)]

Stack: [0x000000e99bd00000,0x000000e99be00000]
Native frames: (J=compiled Java code, j=interpreted, Vv=VM code, C=native code)
V  [jvm.dll+0x32ed79]
V  [jvm.dll+0x275722]
V  [jvm.dll+0x2763cd]
V  [jvm.dll+0x26ce05]
V  [jvm.dll+0x509d]
V  [jvm.dll+0x3d3423]
V  [jvm.dll+0x3d3e38]
V  [jvm.dll+0xfcdcf]
V  [jvm.dll+0x20a0bb]
V  [jvm.dll+0x238ae7]
V  [jvm.dll+0x162876]
C  [java.exe+0x2312]
C  [java.exe+0x15f54]
C  [KERNEL32.DLL+0x28d17]
C  [ntdll.dll+0x77450]


---------------  P R O C E S S  ---------------

Java Threads: ( => current thread )

Other Threads:

=>0x0000020368e92000 (exited) JavaThread "Unknown thread" [_thread_in_vm, id=22844, stack(0x000000e99bd00000,0x000000e99be00000)]

VM state:not at safepoint (normal execution)

VM Mutex/Monitor currently owned by a thread: None

heap address: 0x0000000703200000, size: 3022 MB, Compressed Oops mode: Zero based, Oop shift amount: 3
Narrow klass base: 0x0000000000000000, Narrow klass shift: 3
Compressed class space size: 1073741824 Address: 0x00000007c0000000

Heap:
 PSYoungGen      total 56832K, used 983K [0x0000000781100000, 0x0000000785000000, 0x00000007c0000000)
  eden space 49152K, 2% used [0x0000000781100000,0x00000007811f5c38,0x0000000784100000)
  from space 7680K, 0% used [0x0000000784880000,0x0000000784880000,0x0000000785000000)
  to   space 7680K, 0% used [0x0000000784100000,0x0000000784100000,0x0000000784880000)
 ParOldGen       total 130048K, used 0K [0x0000000703200000, 0x000000070b100000, 0x0000000781100000)
  object space 130048K, 0% used [0x0000000703200000,0x0000000703200000,0x000000070b100000)
 Metaspace       used 778K, capacity 4480K, committed 4480K, reserved 1056768K
  class space    used 76K, capacity 384K, committed 384K, reserved 1048576K

Card table byte_map: [0x0000020379c60000,0x000002037a250000] byte_map_base: 0x0000020376447000

Marking Bits: (ParMarkBitMap*) 0x000000005ddb7fe0
 Begin Bits: [0x0000020300000000, 0x0000020302f38000)
 End Bits:   [0x0000020302f38000, 0x0000020305e70000)

Polling page: 0x0000020368e40000

CodeCache: size=245760Kb used=328Kb max_used=328Kb free=245431Kb
 bounds [0x000002036a8a0000, 0x000002036ab10000, 0x00000203798a0000]
 total_blobs=58 nmethods=0 adapters=38
 compilation: enabled

Compilation events (0 events):
No events

GC Heap History (0 events):
No events

Deoptimization events (0 events):
No events

Classes redefined (0 events):
No events

Internal exceptions (0 events):
No events

Events (10 events):
Event: 0.063 loading class java/lang/Short
Event: 0.063 loading class java/lang/Short done
Event: 0.063 loading class java/lang/Integer
Event: 0.063 loading class java/lang/Integer done
Event: 0.063 loading class java/lang/Long
Event: 0.064 loading class java/lang/Long done
Event: 0.070 loading class java/lang/NullPointerException
Event: 0.070 loading class java/lang/NullPointerException done
Event: 0.070 loading class java/lang/ArithmeticException
Event: 0.071 loading class java/lang/ArithmeticException done


Dynamic libraries:
0x00007ff7e6740000 - 0x00007ff7e6787000 	D:\Java\bin\java.exe
0x00007ffd3ff50000 - 0x00007ffd4019f000 	C:\WINDOWS\SYSTEM32\ntdll.dll
0x00007ffd3f750000 - 0x00007ffd3f816000 	C:\WINDOWS\System32\KERNEL32.DLL
0x00007ffd3d670000 - 0x00007ffd3da05000 	C:\WINDOWS\System32\KERNELBASE.dll
0x00007ffd3e300000 - 0x00007ffd3e3b1000 	C:\WINDOWS\System32\ADVAPI32.dll
0x00007ffd3fd70000 - 0x00007ffd3fe19000 	C:\WINDOWS\System32\msvcrt.dll
0x00007ffd3f930000 - 0x00007ffd3f9d6000 	C:\WINDOWS\System32\sechost.dll
0x00007ffd3d640000 - 0x00007ffd3d666000 	C:\WINDOWS\System32\bcrypt.dll
0x00007ffd3dd40000 - 0x00007ffd3de59000 	C:\WINDOWS\System32\RPCRT4.dll
0x00007ffd3e8c0000 - 0x00007ffd3ea7f000 	C:\WINDOWS\System32\USER32.dll
0x00007ffd3d2b0000 - 0x00007ffd3d2d7000 	C:\WINDOWS\System32\win32u.dll
0x00007ffd3fd40000 - 0x00007ffd3fd6a000 	C:\WINDOWS\System32\GDI32.dll
0x00007ffd3d510000 - 0x00007ffd3d630000 	C:\WINDOWS\System32\gdi32full.dll
0x00007ffd3d460000 - 0x00007ffd3d503000 	C:\WINDOWS\System32\msvcp_win.dll
0x00007ffd3dbf0000 - 0x00007ffd3dd3b000 	C:\WINDOWS\System32\ucrtbase.dll
0x00007ffd16f90000 - 0x00007ffd17221000 	C:\WINDOWS\WinSxS\amd64_microsoft.windows.common-controls_6595b64144ccf1df_6.0.26052.1000_none_3c7e417f19e159a2\COMCTL32.dll
0x00007ffd3f720000 - 0x00007ffd3f74d000 	C:\WINDOWS\System32\IMM32.DLL
0x00007ffd35390000 - 0x00007ffd353a5000 	D:\Java\jre\bin\vcruntime140.dll
0x00007ffd0c450000 - 0x00007ffd0c4eb000 	D:\Java\jre\bin\msvcp140.dll
0x000000005d5d0000 - 0x000000005de30000 	D:\Java\jre\bin\server\jvm.dll
0x00007ffd3f9e0000 - 0x00007ffd3f9e8000 	C:\WINDOWS\System32\PSAPI.DLL
0x00007ffd19140000 - 0x00007ffd1914a000 	C:\WINDOWS\SYSTEM32\WSOCK32.dll
0x00007ffd35200000 - 0x00007ffd35236000 	C:\WINDOWS\SYSTEM32\WINMM.dll
0x00007ffd3e280000 - 0x00007ffd3e2f4000 	C:\WINDOWS\System32\WS2_32.dll
0x00007ffd37d90000 - 0x00007ffd37d9b000 	C:\WINDOWS\SYSTEM32\VERSION.dll
0x00007ffd3c130000 - 0x00007ffd3c14a000 	C:\WINDOWS\SYSTEM32\kernel.appcore.dll
0x00007ffd37ca0000 - 0x00007ffd37cb0000 	D:\Java\jre\bin\verify.dll
0x00007ffd2e980000 - 0x00007ffd2e9ab000 	D:\Java\jre\bin\java.dll
0x00007ffd25800000 - 0x00007ffd25830000 	D:\Java\jre\bin\instrument.dll
0x00007ffd352e0000 - 0x00007ffd352f8000 	D:\Java\jre\bin\zip.dll
0x00007ffd3aa00000 - 0x00007ffd3ac3d000 	C:\WINDOWS\SYSTEM32\dbghelp.dll
0x00007ffd3e520000 - 0x00007ffd3e899000 	C:\WINDOWS\System32\combase.dll
0x00007ffd3e0c0000 - 0x00007ffd3e196000 	C:\WINDOWS\System32\OLEAUT32.dll
0x00007ffd3da90000 - 0x00007ffd3db29000 	C:\WINDOWS\System32\bcryptPrimitives.dll

VM Arguments:
jvm_args: -Dmaven.multiModuleProjectDirectory=C:\Users\10179\Desktop\latest_work\b_version1\easylive -Djansi.passthrough=true -Dmaven.home=D:\apache-maven-3.6.1-bin\apache-maven-3.6.1 -Dclassworlds.conf=D:\apache-maven-3.6.1-bin\apache-maven-3.6.1\bin\m2.conf -Dmaven.ext.class.path=D:\IntelliJ IDEA 2022.3.3\plugins\maven\lib\maven-event-listener.jar -javaagent:D:\IntelliJ IDEA 2022.3.3\lib\idea_rt.jar=49202:D:\IntelliJ IDEA 2022.3.3\bin -Dfile.encoding=UTF-8 
java_command: org.codehaus.classworlds.Launcher -Didea.version=2022.3.3 -s D:\apache-maven-3.6.1-bin\apache-maven-3.6.1\conf\settings.xml package
java_class_path (initial): D:\apache-maven-3.6.1-bin\apache-maven-3.6.1\boot\plexus-classworlds-2.6.0.jar;D:\IntelliJ IDEA 2022.3.3\lib\idea_rt.jar
Launcher Type: SUN_STANDARD

Environment Variables:
JAVA_HOME=D:\Java\
PATH=D:\vm\bin\;C:\Program Files (x86)\Common Files\Oracle\Java\java8path;C:\Program Files (x86)\Common Files\Oracle\Java\javapath;D:\Java\\bin;D:\Scripts\;C:\WINDOWS\system32;C:\WINDOWS;C:\WINDOWS\System32\Wbem;C:\WINDOWS\System32\WindowsPowerShell\v1.0\;C:\WINDOWS\System32\OpenSSH\;C:\Program Files\Java\jre1.8.0_431\bin;E:\MySql\mysql-8.0.23-winx64\bin;D:\mingw64\bin\;C:\Program Files\dotnet\;%NODE_PATH%;C:\ProgramData\chocolatey\bin;D:\apache-maven-3.6.1-bin\apache-maven-3.6.1\bin;D:\apache-tomcat-8.5.68-windows-x64\apache-tomcat-8.5.68\bin;D:\apache-tomcat-8.5.68-windows-x64\apache-tomcat-8.5.68\lib;D:\nodejs\node_global;D:\anaconda3;D:\anaconda3\Library;D:\anaconda3\Scripts;C:\Program Files\Microsoft Visual Studio\2022\Community\VC\Tools\MSVC\14.40.33807\bin\Hostx64\x64;D:\nodejs\;C:\Users\10179\AppData\Roaming\npm;E:\Red;s-x64-3.2.100;D:\git\Git\cmd;D:\ffmpeg\bin;C:\Program Files (x86)\ZeroTier\One\;C:\Users\10179\Desktop\HBuilderX.4.76.2025082103\HBuilderX\plugins\launcher-tools\tools\adbs\;D:\OTP27\ErlangOTP\bin;C:\Program Files\Docker\Docker\resources\bin;D:\mingw64\bin;D:\mingw64\bin\bin;C:\Users\10179\AppData\Local\Microsoft\WindowsApps;D:\ideac\IntelliJ IDEA Community Edition 2022.1\bin;E:\nodejs\node_global;D:\idea\IntelliJ IDEA 2022.2\bin;D:\Clion\CLion 2022.2.1\bin;D:\webstorm\WebStorm 2022.2.1\bin;D:\pycharm\PyCharm 2022.2.1\bin;C:\Users\10179\AppData\Local\JetBrains\Toolbox\scripts;D:\IntelliJ IDEA Community Edition 2022.1.4\bin;;C:\Users\10179\AppData\Local\Microsoft\WindowsApps;D:\IntelliJ IDEA 2022.3.3\bin;;D:\CLion 2024.1.4\bin;;C:\Program Files\JetBrains\WebStorm 2023.3.2\bin;;D:\pycharm\PyCharm Community Edition 2024.1.1\bin;;C:\Users\10179\AppData\Roaming\npm;D:\CodeBuddy CN\bin;D:\cursor\resources\app\bin
USERNAME=10179
OS=Windows_NT
PROCESSOR_IDENTIFIER=Intel64 Family 6 Model 165 Stepping 2, GenuineIntel



---------------  S Y S T E M  ---------------

OS: Windows 10.0 , 64 bit Build 26052 (10.0.26052.1000)

CPU:total 8 (initial active 8) (4 cores per cpu, 2 threads per core) family 6 model 165 stepping 2, cmov, cx8, fxsr, mmx, sse, sse2, sse3, ssse3, sse4.1, sse4.2, popcnt, avx, avx2, aes, clmul, erms, 3dnowpref, lzcnt, ht, tsc, tscinvbit, bmi1, bmi2, adx

Memory: 4k page, physical 12371648k(697432k free), swap 31175740k(170800k free)

vm_info: Java HotSpot(TM) 64-Bit Server VM (25.301-b09) for windows-amd64 JRE (1.8.0_301-b09), built on Jun  9 2021 06:46:21 by "java_re" with MS VC++ 15.9 (VS2017)

time: Wed Feb  4 18:39:17 2026
timezone: 中国标准时间
elapsed time: 0.276027 seconds (0d 0h 0m 0s)

